0 info it worked if it ends with ok
1 verbose cli [ 'node', '/usr/local/bin/npm', 'install', '-g', 'less' ]
2 info using npm@1.1.59
3 info using node@v0.8.8
4 verbose read json /usr/local/lib/package.json
5 verbose read json /usr/local/lib/package.json
6 verbose cache add [ 'less', null ]
7 silly cache add name=undefined spec="less" args=["less",null]
8 verbose parsed url { pathname: 'less', path: 'less', href: 'less' }
9 silly lockFile 0b439cf4-less less
10 verbose lock less /Users/cabraham/.npm/0b439cf4-less.lock
11 silly lockFile 0b439cf4-less less
12 verbose addNamed [ 'less', '' ]
13 verbose addNamed [ null, '' ]
14 silly lockFile e13833ab-less less@
15 verbose lock less@ /Users/cabraham/.npm/e13833ab-less.lock
16 silly addNameRange { name: 'less', range: '', hasData: false }
17 verbose url raw less
18 verbose url resolving [ 'https://registry.npmjs.org/', './less' ]
19 verbose url resolved https://registry.npmjs.org/less
20 info retry registry request attempt 1 at 14:24:42
21 verbose etag "7F69K5COA6ALJH9F4P8S8LESO"
22 http GET https://registry.npmjs.org/less
23 http 200 https://registry.npmjs.org/less
24 silly registry.get cb [ 200,
24 silly registry.get   { vary: 'Accept',
24 silly registry.get     server: 'CouchDB/1.2.0 (Erlang OTP/R15B)',
24 silly registry.get     etag: '"3S86PWVSQ691FP84HVZYWGS0U"',
24 silly registry.get     date: 'Fri, 02 Nov 2012 21:24:34 GMT',
24 silly registry.get     'content-type': 'application/json',
24 silly registry.get     'content-length': '21328' } ]
25 silly addNameRange number 2 { name: 'less', range: '', hasData: true }
26 silly addNameRange versions [ 'less',
26 silly addNameRange   [ '1.0.10',
26 silly addNameRange     '1.0.11',
26 silly addNameRange     '1.0.14',
26 silly addNameRange     '1.0.18',
26 silly addNameRange     '1.0.19',
26 silly addNameRange     '1.0.21',
26 silly addNameRange     '1.0.32',
26 silly addNameRange     '1.0.36',
26 silly addNameRange     '1.0.5',
26 silly addNameRange     '1.0.40',
26 silly addNameRange     '1.0.41',
26 silly addNameRange     '1.0.44',
26 silly addNameRange     '1.1.0',
26 silly addNameRange     '1.1.1',
26 silly addNameRange     '1.1.2',
26 silly addNameRange     '1.1.4',
26 silly addNameRange     '1.1.5',
26 silly addNameRange     '1.1.6',
26 silly addNameRange     '1.2.0',
26 silly addNameRange     '1.2.1',
26 silly addNameRange     '1.2.2',
26 silly addNameRange     '1.3.0',
26 silly addNameRange     '1.3.1' ] ]
27 verbose addNamed [ 'less', '1.3.1' ]
28 verbose addNamed [ '1.3.1', '1.3.1' ]
29 silly lockFile 493c529f-less-1-3-1 less@1.3.1
30 verbose lock less@1.3.1 /Users/cabraham/.npm/493c529f-less-1-3-1.lock
31 silly lockFile 622809bf-ry-npmjs-org-less-less-1-3-1-tgz https://registry.npmjs.org/less/-/less-1.3.1.tgz
32 verbose lock https://registry.npmjs.org/less/-/less-1.3.1.tgz /Users/cabraham/.npm/622809bf-ry-npmjs-org-less-less-1-3-1-tgz.lock
33 verbose addRemoteTarball [ 'https://registry.npmjs.org/less/-/less-1.3.1.tgz',
33 verbose addRemoteTarball   '4cf72898b2081a96463f9c38dca5c89fc20a9ba8' ]
34 info retry fetch attempt 1 at 14:24:44
35 verbose fetch to= /var/folders/y9/1lpm9g2544df6v9xb2jsxm1c0000gn/T/npm-14822/1351891484284-0.5847714450210333/tmp.tgz
36 http GET https://registry.npmjs.org/less/-/less-1.3.1.tgz
37 http 200 https://registry.npmjs.org/less/-/less-1.3.1.tgz
38 silly shasum updated bytes 40960
39 silly shasum updated bytes 40960
40 silly shasum updated bytes 40960
41 silly shasum updated bytes 40960
42 silly shasum updated bytes 40960
43 silly shasum updated bytes 40960
44 silly shasum updated bytes 40960
45 silly shasum updated bytes 40960
46 silly shasum updated bytes 40960
47 silly shasum updated bytes 40960
48 silly shasum updated bytes 40960
49 silly shasum updated bytes 40960
50 silly shasum updated bytes 40960
51 silly shasum updated bytes 40960
52 silly shasum updated bytes 21082
53 info shasum 4cf72898b2081a96463f9c38dca5c89fc20a9ba8
53 info shasum /var/folders/y9/1lpm9g2544df6v9xb2jsxm1c0000gn/T/npm-14822/1351891484284-0.5847714450210333/tmp.tgz
54 verbose tar unpack /var/folders/y9/1lpm9g2544df6v9xb2jsxm1c0000gn/T/npm-14822/1351891484284-0.5847714450210333/tmp.tgz
55 silly lockFile efe5f35e-84284-0-5847714450210333-package /var/folders/y9/1lpm9g2544df6v9xb2jsxm1c0000gn/T/npm-14822/1351891484284-0.5847714450210333/package
56 verbose lock /var/folders/y9/1lpm9g2544df6v9xb2jsxm1c0000gn/T/npm-14822/1351891484284-0.5847714450210333/package /Users/cabraham/.npm/efe5f35e-84284-0-5847714450210333-package.lock
57 silly gunzTarPerm modes [ '777', '666' ]
58 silly gunzTarPerm extractEntry package.json
59 silly gunzTarPerm extractEntry .npmignore
60 silly gunzTarPerm extractEntry README.md
61 silly gunzTarPerm extractEntry LICENSE
62 silly gunzTarPerm extractEntry CHANGELOG.md
63 silly gunzTarPerm extractEntry dist/less-1.1.0.js
64 silly gunzTarPerm extractEntry dist/less-1.1.5.js
65 silly gunzTarPerm extractEntry dist/less-1.1.5.min.js
66 silly gunzTarPerm extractEntry dist/less-1.1.6.js
67 silly gunzTarPerm extractEntry dist/less-1.1.4.min.js
68 silly gunzTarPerm extractEntry dist/less-1.2.0.js
69 silly gunzTarPerm extractEntry dist/less-1.2.0.min.js
70 silly gunzTarPerm extractEntry dist/less-1.2.1.js
71 silly gunzTarPerm extractEntry dist/less-1.2.1.min.js
72 silly gunzTarPerm extractEntry dist/less-1.2.2.js
73 silly gunzTarPerm extractEntry dist/less-1.1.4.js
74 silly gunzTarPerm extractEntry dist/less-1.2.2.min.js
75 silly gunzTarPerm extractEntry dist/less-1.1.3.min.js
76 silly gunzTarPerm extractEntry dist/less-1.3.0.js
77 silly gunzTarPerm extractEntry dist/less-1.1.3.js
78 silly gunzTarPerm extractEntry dist/less-1.3.0.min.js
79 silly gunzTarPerm extractEntry dist/less-1.1.2.min.js
80 silly gunzTarPerm extractEntry dist/less-1.3.1.js
81 silly gunzTarPerm extractEntry dist/less-1.1.2.js
82 silly gunzTarPerm extractEntry dist/less-1.3.1.min.js
83 silly gunzTarPerm extractEntry dist/less-1.1.1.min.js
84 silly gunzTarPerm extractEntry dist/less-rhino-1.1.3.js
85 silly gunzTarPerm extractEntry dist/less-1.1.1.js
86 silly gunzTarPerm extractEntry dist/less-rhino-1.1.5.js
87 silly gunzTarPerm extractEntry dist/less-1.1.0.min.js
88 silly gunzTarPerm extractEntry dist/less-rhino-1.3.1.js
89 silly gunzTarPerm extractEntry dist/less-1.1.6.min.js
90 silly gunzTarPerm extractEntry benchmark/less-benchmark.js
91 silly gunzTarPerm extractEntry benchmark/benchmark.less
92 silly gunzTarPerm extractEntry test/less-test.js
93 silly gunzTarPerm extractEntry test/css/mixins-closure.css
94 silly gunzTarPerm extractEntry test/css/colors.css
95 silly gunzTarPerm extractEntry test/css/css-3.css
96 silly gunzTarPerm extractEntry test/css/css-escapes.css
97 silly gunzTarPerm extractEntry test/css/css.css
98 silly gunzTarPerm extractEntry test/css/debug/linenumbers-all.css
99 silly gunzTarPerm extractEntry test/css/debug/linenumbers-comments.css
100 silly gunzTarPerm extractEntry test/css/debug/linenumbers-mediaquery.css
101 silly gunzTarPerm extractEntry test/css/functions.css
102 silly gunzTarPerm extractEntry test/css/ie-filters.css
103 silly gunzTarPerm extractEntry test/css/import-once.css
104 silly gunzTarPerm extractEntry test/css/import.css
105 silly gunzTarPerm extractEntry test/css/javascript.css
106 silly gunzTarPerm extractEntry test/css/lazy-eval.css
107 silly gunzTarPerm extractEntry test/css/media.css
108 silly gunzTarPerm extractEntry test/css/mixins-args.css
109 silly gunzTarPerm extractEntry test/css/comments.css
110 silly gunzTarPerm extractEntry test/css/mixins-guards.css
111 silly gunzTarPerm extractEntry test/css/mixins-important.css
112 silly gunzTarPerm extractEntry test/css/mixins-named-args.css
113 silly gunzTarPerm extractEntry test/css/mixins-nested.css
114 silly gunzTarPerm extractEntry test/css/mixins-pattern.css
115 silly gunzTarPerm extractEntry test/css/mixins.css
116 silly gunzTarPerm extractEntry test/css/operations.css
117 silly gunzTarPerm extractEntry test/css/parens.css
118 silly gunzTarPerm extractEntry test/css/rulesets.css
119 silly gunzTarPerm extractEntry test/css/scope.css
120 silly gunzTarPerm extractEntry test/css/selectors.css
121 silly gunzTarPerm extractEntry test/css/strings.css
122 silly gunzTarPerm extractEntry test/css/variables.css
123 silly gunzTarPerm extractEntry test/css/whitespace.css
124 silly gunzTarPerm extractEntry test/less/mixins-args.less
125 silly gunzTarPerm extractEntry test/less/colors.less
126 silly gunzTarPerm extractEntry test/less/css-3.less
127 silly gunzTarPerm extractEntry test/less/css-escapes.less
128 silly gunzTarPerm extractEntry test/less/css.less
129 silly gunzTarPerm extractEntry test/less/debug/import/test.less
130 silly gunzTarPerm extractEntry test/less/debug/linenumbers.less
131 silly gunzTarPerm extractEntry test/less/errors/imports/import-subfolder1.less
132 silly gunzTarPerm extractEntry test/less/errors/imports/import-subfolder2.less
133 silly gunzTarPerm extractEntry test/less/errors/imports/subfolder/mixin-not-defined.less
134 silly gunzTarPerm extractEntry test/less/errors/imports/subfolder/parse-error-curly-bracket.less
135 silly gunzTarPerm extractEntry test/less/errors/comment-in-selector.less
136 silly gunzTarPerm extractEntry test/less/errors/import-missing.less
137 silly gunzTarPerm extractEntry test/less/errors/import-missing.txt
138 silly gunzTarPerm extractEntry test/less/errors/import-no-semi.less
139 silly gunzTarPerm extractEntry test/less/errors/import-no-semi.txt
140 silly gunzTarPerm extractEntry test/less/errors/import-subfolder1.less
141 silly gunzTarPerm extractEntry test/less/errors/import-subfolder1.txt
142 silly gunzTarPerm extractEntry test/less/errors/import-subfolder2.less
143 silly gunzTarPerm extractEntry test/less/errors/import-subfolder2.txt
144 silly gunzTarPerm extractEntry test/less/errors/comment-in-selector.txt
145 silly gunzTarPerm extractEntry test/less/errors/javascript-error.less
146 silly gunzTarPerm extractEntry test/less/errors/javascript-error.txt
147 silly gunzTarPerm extractEntry test/less/errors/mixin-not-defined.less
148 silly gunzTarPerm extractEntry test/less/errors/mixin-not-defined.txt
149 silly gunzTarPerm extractEntry test/less/errors/parse-error-curly-bracket.less
150 silly gunzTarPerm extractEntry test/less/errors/parse-error-curly-bracket.txt
151 silly gunzTarPerm extractEntry test/less/errors/parse-error-missing-bracket.less
152 silly gunzTarPerm extractEntry test/less/errors/parse-error-missing-bracket.txt
153 silly gunzTarPerm extractEntry test/less/errors/property-ie5-hack.less
154 silly gunzTarPerm extractEntry test/less/errors/property-ie5-hack.txt
155 silly gunzTarPerm extractEntry test/less/functions.less
156 silly gunzTarPerm extractEntry test/less/ie-filters.less
157 silly gunzTarPerm extractEntry test/less/import/deeper/import-once-test-a.less
158 silly gunzTarPerm extractEntry test/less/import/import-once-test-c.less
159 silly gunzTarPerm extractEntry test/less/import/import-test-a.less
160 silly gunzTarPerm extractEntry test/less/import/import-test-b.less
161 silly gunzTarPerm extractEntry test/less/import/import-test-c.less
162 silly gunzTarPerm extractEntry test/less/import/import-test-d.css
163 silly gunzTarPerm extractEntry test/less/import/import-test-e.less
164 silly gunzTarPerm extractEntry test/less/import-once.less
165 silly gunzTarPerm extractEntry test/less/import.less
166 silly gunzTarPerm extractEntry test/less/javascript.less
167 silly gunzTarPerm extractEntry test/less/lazy-eval.less
168 silly gunzTarPerm extractEntry test/less/media.less
169 silly gunzTarPerm extractEntry test/less/comments.less
170 silly gunzTarPerm extractEntry test/less/mixins-closure.less
171 silly gunzTarPerm extractEntry test/less/mixins-guards.less
172 silly gunzTarPerm extractEntry test/less/mixins-important.less
173 silly gunzTarPerm extractEntry test/less/mixins-named-args.less
174 silly gunzTarPerm extractEntry test/less/mixins-nested.less
175 silly gunzTarPerm extractEntry test/less/mixins-pattern.less
176 silly gunzTarPerm extractEntry test/less/mixins.less
177 silly gunzTarPerm extractEntry test/less/operations.less
178 silly gunzTarPerm extractEntry test/less/parens.less
179 silly gunzTarPerm extractEntry test/less/rulesets.less
180 silly gunzTarPerm extractEntry test/less/scope.less
181 silly gunzTarPerm extractEntry test/less/selectors.less
182 silly gunzTarPerm extractEntry test/less/strings.less
183 silly gunzTarPerm extractEntry test/less/variables.less
184 silly gunzTarPerm extractEntry test/less/whitespace.less
185 silly gunzTarPerm extractEntry Makefile
186 silly gunzTarPerm extractEntry bin/lessc
187 silly gunzTarPerm extractEntry build/amd.js
188 silly gunzTarPerm extractEntry build/ecma-5.js
189 silly gunzTarPerm extractEntry build/header.js
190 silly gunzTarPerm extractEntry build/require-rhino.js
191 silly gunzTarPerm extractEntry build/require.js
192 silly gunzTarPerm extractEntry lib/less/browser.js
193 silly gunzTarPerm extractEntry lib/less/colors.js
194 silly gunzTarPerm extractEntry lib/less/cssmin.js
195 silly gunzTarPerm extractEntry lib/less/functions.js
196 silly gunzTarPerm extractEntry lib/less/index.js
197 silly gunzTarPerm extractEntry lib/less/lessc_helper.js
198 silly gunzTarPerm extractEntry lib/less/parser.js
199 silly gunzTarPerm extractEntry lib/less/rhino.js
200 silly gunzTarPerm extractEntry lib/less/tree.js
201 silly gunzTarPerm extractEntry lib/less/tree/alpha.js
202 silly gunzTarPerm extractEntry lib/less/tree/element.js
203 silly gunzTarPerm extractEntry lib/less/tree/expression.js
204 silly gunzTarPerm extractEntry lib/less/tree/import.js
205 silly gunzTarPerm extractEntry lib/less/tree/javascript.js
206 silly gunzTarPerm extractEntry lib/less/tree/directive.js
207 silly gunzTarPerm extractEntry lib/less/tree/media.js
208 silly gunzTarPerm extractEntry lib/less/tree/mixin.js
209 silly gunzTarPerm extractEntry lib/less/tree/operation.js
210 silly gunzTarPerm extractEntry lib/less/tree/paren.js
211 silly gunzTarPerm extractEntry lib/less/tree/quoted.js
212 silly gunzTarPerm extractEntry lib/less/tree/dimension.js
213 silly gunzTarPerm extractEntry lib/less/tree/ratio.js
214 silly gunzTarPerm extractEntry lib/less/tree/condition.js
215 silly gunzTarPerm extractEntry lib/less/tree/rule.js
216 silly gunzTarPerm extractEntry lib/less/tree/comment.js
217 silly gunzTarPerm extractEntry lib/less/tree/ruleset.js
218 silly gunzTarPerm extractEntry lib/less/tree/color.js
219 silly gunzTarPerm extractEntry lib/less/tree/selector.js
220 silly gunzTarPerm extractEntry lib/less/tree/call.js
221 silly gunzTarPerm extractEntry lib/less/tree/url.js
222 silly gunzTarPerm extractEntry lib/less/tree/assignment.js
223 silly gunzTarPerm extractEntry lib/less/tree/value.js
224 silly gunzTarPerm extractEntry lib/less/tree/anonymous.js
225 silly gunzTarPerm extractEntry lib/less/tree/variable.js
226 silly gunzTarPerm extractEntry lib/less/tree/keyword.js
227 verbose read json /var/folders/y9/1lpm9g2544df6v9xb2jsxm1c0000gn/T/npm-14822/1351891484284-0.5847714450210333/package/package.json
228 silly lockFile efe5f35e-84284-0-5847714450210333-package /var/folders/y9/1lpm9g2544df6v9xb2jsxm1c0000gn/T/npm-14822/1351891484284-0.5847714450210333/package
229 verbose from cache /var/folders/y9/1lpm9g2544df6v9xb2jsxm1c0000gn/T/npm-14822/1351891484284-0.5847714450210333/package/package.json
230 verbose tar pack [ '/Users/cabraham/.npm/less/1.3.1/package.tgz',
230 verbose tar pack   '/var/folders/y9/1lpm9g2544df6v9xb2jsxm1c0000gn/T/npm-14822/1351891484284-0.5847714450210333/package' ]
231 verbose tarball /Users/cabraham/.npm/less/1.3.1/package.tgz
232 verbose folder /var/folders/y9/1lpm9g2544df6v9xb2jsxm1c0000gn/T/npm-14822/1351891484284-0.5847714450210333/package
233 silly lockFile f0861f3a-raham-npm-less-1-3-1-package-tgz /Users/cabraham/.npm/less/1.3.1/package.tgz
234 verbose lock /Users/cabraham/.npm/less/1.3.1/package.tgz /Users/cabraham/.npm/f0861f3a-raham-npm-less-1-3-1-package-tgz.lock
235 silly lockFile f0861f3a-raham-npm-less-1-3-1-package-tgz /Users/cabraham/.npm/less/1.3.1/package.tgz
236 silly lockFile b5902d6f--cabraham-npm-less-1-3-1-package /Users/cabraham/.npm/less/1.3.1/package
237 verbose lock /Users/cabraham/.npm/less/1.3.1/package /Users/cabraham/.npm/b5902d6f--cabraham-npm-less-1-3-1-package.lock
238 silly lockFile b5902d6f--cabraham-npm-less-1-3-1-package /Users/cabraham/.npm/less/1.3.1/package
239 verbose tar unpack /Users/cabraham/.npm/less/1.3.1/package.tgz
240 silly lockFile b5902d6f--cabraham-npm-less-1-3-1-package /Users/cabraham/.npm/less/1.3.1/package
241 verbose lock /Users/cabraham/.npm/less/1.3.1/package /Users/cabraham/.npm/b5902d6f--cabraham-npm-less-1-3-1-package.lock
242 silly gunzTarPerm modes [ '777', '666' ]
243 silly gunzTarPerm extractEntry package.json
244 silly gunzTarPerm extractEntry .npmignore
245 silly gunzTarPerm extractEntry README.md
246 silly gunzTarPerm extractEntry LICENSE
247 silly gunzTarPerm extractEntry CHANGELOG.md
248 silly gunzTarPerm extractEntry dist/less-1.1.0.js
249 silly gunzTarPerm extractEntry dist/less-1.1.5.js
250 silly gunzTarPerm extractEntry dist/less-1.1.5.min.js
251 silly gunzTarPerm extractEntry dist/less-1.1.6.js
252 silly gunzTarPerm extractEntry dist/less-1.1.4.min.js
253 silly gunzTarPerm extractEntry dist/less-1.2.0.js
254 silly gunzTarPerm extractEntry dist/less-1.2.0.min.js
255 silly gunzTarPerm extractEntry dist/less-1.2.1.js
256 silly gunzTarPerm extractEntry dist/less-1.2.1.min.js
257 silly gunzTarPerm extractEntry dist/less-1.2.2.js
258 silly gunzTarPerm extractEntry dist/less-1.1.4.js
259 silly gunzTarPerm extractEntry dist/less-1.2.2.min.js
260 silly gunzTarPerm extractEntry dist/less-1.1.3.min.js
261 silly gunzTarPerm extractEntry dist/less-1.3.0.js
262 silly gunzTarPerm extractEntry dist/less-1.1.3.js
263 silly gunzTarPerm extractEntry dist/less-1.3.0.min.js
264 silly gunzTarPerm extractEntry dist/less-1.1.2.min.js
265 silly gunzTarPerm extractEntry dist/less-1.3.1.js
266 silly gunzTarPerm extractEntry dist/less-1.1.2.js
267 silly gunzTarPerm extractEntry dist/less-1.3.1.min.js
268 silly gunzTarPerm extractEntry dist/less-1.1.1.min.js
269 silly gunzTarPerm extractEntry dist/less-rhino-1.1.3.js
270 silly gunzTarPerm extractEntry dist/less-1.1.1.js
271 silly gunzTarPerm extractEntry dist/less-rhino-1.1.5.js
272 silly gunzTarPerm extractEntry dist/less-1.1.0.min.js
273 silly gunzTarPerm extractEntry dist/less-rhino-1.3.1.js
274 silly gunzTarPerm extractEntry dist/less-1.1.6.min.js
275 silly gunzTarPerm extractEntry benchmark/less-benchmark.js
276 silly gunzTarPerm extractEntry benchmark/benchmark.less
277 silly gunzTarPerm extractEntry test/less-test.js
278 silly gunzTarPerm extractEntry test/css/mixins-closure.css
279 silly gunzTarPerm extractEntry test/css/colors.css
280 silly gunzTarPerm extractEntry test/css/css-3.css
281 silly gunzTarPerm extractEntry test/css/css-escapes.css
282 silly gunzTarPerm extractEntry test/css/css.css
283 silly gunzTarPerm extractEntry test/css/debug/linenumbers-all.css
284 silly gunzTarPerm extractEntry test/css/debug/linenumbers-comments.css
285 silly gunzTarPerm extractEntry test/css/debug/linenumbers-mediaquery.css
286 silly gunzTarPerm extractEntry test/css/functions.css
287 silly gunzTarPerm extractEntry test/css/ie-filters.css
288 silly gunzTarPerm extractEntry test/css/import-once.css
289 silly gunzTarPerm extractEntry test/css/import.css
290 silly gunzTarPerm extractEntry test/css/javascript.css
291 silly gunzTarPerm extractEntry test/css/lazy-eval.css
292 silly gunzTarPerm extractEntry test/css/media.css
293 silly gunzTarPerm extractEntry test/css/mixins-args.css
294 silly gunzTarPerm extractEntry test/css/comments.css
295 silly gunzTarPerm extractEntry test/css/mixins-guards.css
296 silly gunzTarPerm extractEntry test/css/mixins-important.css
297 silly gunzTarPerm extractEntry test/css/mixins-named-args.css
298 silly gunzTarPerm extractEntry test/css/mixins-nested.css
299 silly gunzTarPerm extractEntry test/css/mixins-pattern.css
300 silly gunzTarPerm extractEntry test/css/mixins.css
301 silly gunzTarPerm extractEntry test/css/operations.css
302 silly gunzTarPerm extractEntry test/css/parens.css
303 silly gunzTarPerm extractEntry test/css/rulesets.css
304 silly gunzTarPerm extractEntry test/css/scope.css
305 silly gunzTarPerm extractEntry test/css/selectors.css
306 silly gunzTarPerm extractEntry test/css/strings.css
307 silly gunzTarPerm extractEntry test/css/variables.css
308 silly gunzTarPerm extractEntry test/css/whitespace.css
309 silly gunzTarPerm extractEntry test/less/mixins-args.less
310 silly gunzTarPerm extractEntry test/less/colors.less
311 silly gunzTarPerm extractEntry test/less/css-3.less
312 silly gunzTarPerm extractEntry test/less/css-escapes.less
313 silly gunzTarPerm extractEntry test/less/css.less
314 silly gunzTarPerm extractEntry test/less/debug/import/test.less
315 silly gunzTarPerm extractEntry test/less/debug/linenumbers.less
316 silly gunzTarPerm extractEntry test/less/errors/imports/import-subfolder1.less
317 silly gunzTarPerm extractEntry test/less/errors/imports/import-subfolder2.less
318 silly gunzTarPerm extractEntry test/less/errors/imports/subfolder/mixin-not-defined.less
319 silly gunzTarPerm extractEntry test/less/errors/imports/subfolder/parse-error-curly-bracket.less
320 silly gunzTarPerm extractEntry test/less/errors/comment-in-selector.less
321 silly gunzTarPerm extractEntry test/less/errors/import-missing.less
322 silly gunzTarPerm extractEntry test/less/errors/import-missing.txt
323 silly gunzTarPerm extractEntry test/less/errors/import-no-semi.less
324 silly gunzTarPerm extractEntry test/less/errors/import-no-semi.txt
325 silly gunzTarPerm extractEntry test/less/errors/import-subfolder1.less
326 silly gunzTarPerm extractEntry test/less/errors/import-subfolder1.txt
327 silly gunzTarPerm extractEntry test/less/errors/import-subfolder2.less
328 silly gunzTarPerm extractEntry test/less/errors/import-subfolder2.txt
329 silly gunzTarPerm extractEntry test/less/errors/comment-in-selector.txt
330 silly gunzTarPerm extractEntry test/less/errors/javascript-error.less
331 silly gunzTarPerm extractEntry test/less/errors/javascript-error.txt
332 silly gunzTarPerm extractEntry test/less/errors/mixin-not-defined.less
333 silly gunzTarPerm extractEntry test/less/errors/mixin-not-defined.txt
334 silly gunzTarPerm extractEntry test/less/errors/parse-error-curly-bracket.less
335 silly gunzTarPerm extractEntry test/less/errors/parse-error-curly-bracket.txt
336 silly gunzTarPerm extractEntry test/less/errors/parse-error-missing-bracket.less
337 silly gunzTarPerm extractEntry test/less/errors/parse-error-missing-bracket.txt
338 silly gunzTarPerm extractEntry test/less/errors/property-ie5-hack.less
339 silly gunzTarPerm extractEntry test/less/errors/property-ie5-hack.txt
340 silly gunzTarPerm extractEntry test/less/functions.less
341 silly gunzTarPerm extractEntry test/less/ie-filters.less
342 silly gunzTarPerm extractEntry test/less/import/deeper/import-once-test-a.less
343 silly gunzTarPerm extractEntry test/less/import/import-once-test-c.less
344 silly gunzTarPerm extractEntry test/less/import/import-test-a.less
345 silly gunzTarPerm extractEntry test/less/import/import-test-b.less
346 silly gunzTarPerm extractEntry test/less/import/import-test-c.less
347 silly gunzTarPerm extractEntry test/less/import/import-test-d.css
348 silly gunzTarPerm extractEntry test/less/import/import-test-e.less
349 silly gunzTarPerm extractEntry test/less/import-once.less
350 silly gunzTarPerm extractEntry test/less/import.less
351 silly gunzTarPerm extractEntry test/less/javascript.less
352 silly gunzTarPerm extractEntry test/less/lazy-eval.less
353 silly gunzTarPerm extractEntry test/less/media.less
354 silly gunzTarPerm extractEntry test/less/comments.less
355 silly gunzTarPerm extractEntry test/less/mixins-closure.less
356 silly gunzTarPerm extractEntry test/less/mixins-guards.less
357 silly gunzTarPerm extractEntry test/less/mixins-important.less
358 silly gunzTarPerm extractEntry test/less/mixins-named-args.less
359 silly gunzTarPerm extractEntry test/less/mixins-nested.less
360 silly gunzTarPerm extractEntry test/less/mixins-pattern.less
361 silly gunzTarPerm extractEntry test/less/mixins.less
362 silly gunzTarPerm extractEntry test/less/operations.less
363 silly gunzTarPerm extractEntry test/less/parens.less
364 silly gunzTarPerm extractEntry test/less/rulesets.less
365 silly gunzTarPerm extractEntry test/less/scope.less
366 silly gunzTarPerm extractEntry test/less/selectors.less
367 silly gunzTarPerm extractEntry test/less/strings.less
368 silly gunzTarPerm extractEntry test/less/variables.less
369 silly gunzTarPerm extractEntry test/less/whitespace.less
370 silly gunzTarPerm extractEntry Makefile
371 silly gunzTarPerm extractEntry bin/lessc
372 silly gunzTarPerm extractEntry build/amd.js
373 silly gunzTarPerm extractEntry build/ecma-5.js
374 silly gunzTarPerm extractEntry build/header.js
375 silly gunzTarPerm extractEntry build/require-rhino.js
376 silly gunzTarPerm extractEntry build/require.js
377 silly gunzTarPerm extractEntry lib/less/browser.js
378 silly gunzTarPerm extractEntry lib/less/colors.js
379 silly gunzTarPerm extractEntry lib/less/cssmin.js
380 silly gunzTarPerm extractEntry lib/less/functions.js
381 silly gunzTarPerm extractEntry lib/less/index.js
382 silly gunzTarPerm extractEntry lib/less/lessc_helper.js
383 silly gunzTarPerm extractEntry lib/less/parser.js
384 silly gunzTarPerm extractEntry lib/less/rhino.js
385 silly gunzTarPerm extractEntry lib/less/tree.js
386 silly gunzTarPerm extractEntry lib/less/tree/alpha.js
387 silly gunzTarPerm extractEntry lib/less/tree/element.js
388 silly gunzTarPerm extractEntry lib/less/tree/expression.js
389 silly gunzTarPerm extractEntry lib/less/tree/import.js
390 silly gunzTarPerm extractEntry lib/less/tree/javascript.js
391 silly gunzTarPerm extractEntry lib/less/tree/directive.js
392 silly gunzTarPerm extractEntry lib/less/tree/media.js
393 silly gunzTarPerm extractEntry lib/less/tree/mixin.js
394 silly gunzTarPerm extractEntry lib/less/tree/operation.js
395 silly gunzTarPerm extractEntry lib/less/tree/paren.js
396 silly gunzTarPerm extractEntry lib/less/tree/quoted.js
397 silly gunzTarPerm extractEntry lib/less/tree/dimension.js
398 silly gunzTarPerm extractEntry lib/less/tree/ratio.js
399 silly gunzTarPerm extractEntry lib/less/tree/condition.js
400 silly gunzTarPerm extractEntry lib/less/tree/rule.js
401 silly gunzTarPerm extractEntry lib/less/tree/comment.js
402 silly gunzTarPerm extractEntry lib/less/tree/ruleset.js
403 silly gunzTarPerm extractEntry lib/less/tree/color.js
404 silly gunzTarPerm extractEntry lib/less/tree/selector.js
405 silly gunzTarPerm extractEntry lib/less/tree/call.js
406 silly gunzTarPerm extractEntry lib/less/tree/url.js
407 silly gunzTarPerm extractEntry lib/less/tree/assignment.js
408 silly gunzTarPerm extractEntry lib/less/tree/value.js
409 silly gunzTarPerm extractEntry lib/less/tree/anonymous.js
410 silly gunzTarPerm extractEntry lib/less/tree/variable.js
411 silly gunzTarPerm extractEntry lib/less/tree/keyword.js
412 verbose read json /Users/cabraham/.npm/less/1.3.1/package/package.json
413 silly lockFile b5902d6f--cabraham-npm-less-1-3-1-package /Users/cabraham/.npm/less/1.3.1/package
414 silly shasum updated bytes 40960
415 silly shasum updated bytes 40960
416 silly shasum updated bytes 40960
417 silly shasum updated bytes 40960
418 silly shasum updated bytes 40960
419 silly shasum updated bytes 40960
420 silly shasum updated bytes 40960
421 silly shasum updated bytes 40960
422 silly shasum updated bytes 40960
423 silly shasum updated bytes 40960
424 silly shasum updated bytes 40960
425 silly shasum updated bytes 40960
426 silly shasum updated bytes 40960
427 silly shasum updated bytes 40960
428 silly shasum updated bytes 21314
429 info shasum fe83e91d9948140e3edbfeeb06d450bc57b00f8a
429 info shasum /Users/cabraham/.npm/less/1.3.1/package.tgz
430 verbose from cache /Users/cabraham/.npm/less/1.3.1/package/package.json
431 verbose chmod /Users/cabraham/.npm/less/1.3.1/package.tgz 666
432 verbose chown /Users/cabraham/.npm/less/1.3.1/package.tgz [ 501, 20 ]
433 silly lockFile 622809bf-ry-npmjs-org-less-less-1-3-1-tgz https://registry.npmjs.org/less/-/less-1.3.1.tgz
434 silly lockFile 493c529f-less-1-3-1 less@1.3.1
435 silly lockFile e13833ab-less less@
436 silly resolved [ { name: 'less',
436 silly resolved     description: 'Leaner CSS',
436 silly resolved     url: 'http://lesscss.org',
436 silly resolved     keywords: [ 'css', 'parser', 'lesscss', 'browser' ],
436 silly resolved     author: { name: 'Alexis Sellier', email: 'self@cloudhead.net' },
436 silly resolved     contributors: [],
436 silly resolved     version: '1.3.1',
436 silly resolved     bin: { lessc: './bin/lessc' },
436 silly resolved     main: './lib/less/index',
436 silly resolved     directories: { test: './test' },
436 silly resolved     engines: { node: '>=0.4.0' },
436 silly resolved     devDependencies: { diff: '~1.0.2' },
436 silly resolved     scripts: { test: 'make test' },
436 silly resolved     readme: 'less.js\n=======\n\nThe **dynamic** stylesheet language.\n\n<http://lesscss.org>\n\nabout\n-----\n\nThis is the JavaScript, and now official, stable version of LESS.\n\nFor more information, visit <http://lesscss.org>.\n\nlicense\n-------\n\nSee `LICENSE` file.\n\n> Copyright (c) 2009-2011 Alexis Sellier\n',
436 silly resolved     _id: 'less@1.3.1',
436 silly resolved     dist: { shasum: 'fe83e91d9948140e3edbfeeb06d450bc57b00f8a' },
436 silly resolved     _from: 'less' } ]
437 info install less@1.3.1 into /usr/local/lib
438 info installOne less@1.3.1
439 verbose from cache /Users/cabraham/.npm/less/1.3.1/package/package.json
440 info /usr/local/lib/node_modules/less unbuild
441 verbose read json /usr/local/lib/node_modules/less/package.json
442 verbose tar unpack /Users/cabraham/.npm/less/1.3.1/package.tgz
443 silly lockFile c2213c90-usr-local-lib-node-modules-less /usr/local/lib/node_modules/less
444 verbose lock /usr/local/lib/node_modules/less /Users/cabraham/.npm/c2213c90-usr-local-lib-node-modules-less.lock
445 silly gunzTarPerm modes [ '777', '666' ]
446 error Error: EACCES, mkdir '/usr/local/lib/node_modules/less'
446 error  { [Error: EACCES, mkdir '/usr/local/lib/node_modules/less']
446 error   errno: 3,
446 error   code: 'EACCES',
446 error   path: '/usr/local/lib/node_modules/less',
446 error   fstream_type: 'Directory',
446 error   fstream_path: '/usr/local/lib/node_modules/less',
446 error   fstream_class: 'DirWriter',
446 error   fstream_stack:
446 error    [ 'DirWriter._create (/usr/local/lib/node_modules/npm/node_modules/fstream/lib/dir-writer.js:36:23)',
446 error      '/usr/local/lib/node_modules/npm/node_modules/mkdirp/index.js:37:53',
446 error      'Object.oncomplete (fs.js:297:15)' ] }
447 error Please try running this command again as root/Administrator.
448 error System Darwin 11.4.2
449 error command "node" "/usr/local/bin/npm" "install" "-g" "less"
450 error cwd /Users/cabraham/personal/rcinia
451 error node -v v0.8.8
452 error npm -v 1.1.59
453 error path /usr/local/lib/node_modules/less
454 error fstream_path /usr/local/lib/node_modules/less
455 error fstream_type Directory
456 error fstream_class DirWriter
457 error code EACCES
458 error errno 3
459 error stack Error: EACCES, mkdir '/usr/local/lib/node_modules/less'
460 error fstream_stack DirWriter._create (/usr/local/lib/node_modules/npm/node_modules/fstream/lib/dir-writer.js:36:23)
460 error fstream_stack /usr/local/lib/node_modules/npm/node_modules/mkdirp/index.js:37:53
460 error fstream_stack Object.oncomplete (fs.js:297:15)
461 verbose exit [ 3, true ]
